<?xml version="1.0" encoding="UTF-8"?>
<!-- Generated by org.testng.reporters.JUnitReportReporter -->
<testsuite skipped="0" hostname="DESKTOP-5ODN8HA" name="testRunners.FirstRunner" tests="1" failures="0" timestamp="2020-03-30T00:36:54 CST" time="51.490" errors="0">
  <testcase name="runScenario" time="51.490" classname="testRunners.FirstRunner"/>
  <system-out/>
</testsuite> <!-- testRunners.FirstRunner -->
